2013/10/03 22:53:24 [error] [exception.CException] exception 'CException' with message 'Property "Productos.descripcion" is not defined.' in /Applications/XAMPP/xamppfiles/htdocs/yiis/framework/base/CComponent.php:131
Stack trace:
#0 /Applications/XAMPP/xamppfiles/htdocs/yiis/framework/db/ar/CActiveRecord.php(144): CComponent->__get('descripcion')
#1 /Applications/XAMPP/xamppfiles/htdocs/airos/protected/views/Contacto/_form.php(52): CActiveRecord->__get('descripcion')
#2 /Applications/XAMPP/xamppfiles/htdocs/yiis/framework/web/CBaseController.php(127): require('/Applications/X...')
#3 /Applications/XAMPP/xamppfiles/htdocs/yiis/framework/web/CBaseController.php(96): CBaseController->renderInternal('/Applications/X...', Array, true)
#4 /Applications/XAMPP/xamppfiles/htdocs/yiis/framework/web/CController.php(870): CBaseController->renderFile('/Applications/X...', Array, true)
#5 /Applications/XAMPP/xamppfiles/htdocs/airos/protected/views/Contacto/create.php(18): CController->renderPartial('//Contacto/_for...', Array)
#6 /Applications/XAMPP/xamppfiles/htdocs/yiis/framework/web/CBaseController.php(127): require('/Applications/X...')
#7 /Applications/XAMPP/xamppfiles/htdocs/yiis/framework/web/CBaseController.php(96): CBaseController->renderInternal('/Applications/X...', Array, true)
#8 /Applications/XAMPP/xamppfiles/htdocs/yiis/framework/web/CController.php(870): CBaseController->renderFile('/Applications/X...', Array, true)
#9 /Applications/XAMPP/xamppfiles/htdocs/yiis/framework/web/CController.php(783): CController->renderPartial('//Contacto/crea...', Array, true)
#10 /Applications/XAMPP/xamppfiles/htdocs/airos/protected/controllers/SiteController.php(72): CController->render('//Contacto/crea...', Array)
#11 /Applications/XAMPP/xamppfiles/htdocs/yiis/framework/web/actions/CInlineAction.php(50): SiteController->actionContacto()
#12 /Applications/XAMPP/xamppfiles/htdocs/yiis/framework/web/CController.php(309): CInlineAction->runWithParams(Array)
#13 /Applications/XAMPP/xamppfiles/htdocs/yiis/framework/web/CController.php(287): CController->runAction(Object(CInlineAction))
#14 /Applications/XAMPP/xamppfiles/htdocs/yiis/framework/web/CController.php(266): CController->runActionWithFilters(Object(CInlineAction), Array)
#15 /Applications/XAMPP/xamppfiles/htdocs/yiis/framework/web/CWebApplication.php(283): CController->run('contacto')
#16 /Applications/XAMPP/xamppfiles/htdocs/yiis/framework/web/CWebApplication.php(142): CWebApplication->runController('site/contacto')
#17 /Applications/XAMPP/xamppfiles/htdocs/yiis/framework/base/CApplication.php(162): CWebApplication->processRequest()
#18 /Applications/XAMPP/xamppfiles/htdocs/airos/index.php(13): CApplication->run()
#19 {main}
REQUEST_URI=/airos/index.php/site/contacto
HTTP_REFERER=http://localhost/airos/
---
2013/10/08 02:50:37 [error] [exception.CException] exception 'CException' with message 'Property "Productos.linea_id" is not defined.' in /Applications/XAMPP/xamppfiles/htdocs/yiis/framework/base/CComponent.php:131
Stack trace:
#0 /Applications/XAMPP/xamppfiles/htdocs/yiis/framework/db/ar/CActiveRecord.php(144): CComponent->__get('linea_id')
#1 /Applications/XAMPP/xamppfiles/htdocs/yiis/framework/web/helpers/CHtml.php(2158): CActiveRecord->__get('linea_id')
#2 /Applications/XAMPP/xamppfiles/htdocs/yiis/framework/web/helpers/CHtml.php(1887): CHtml::resolveValue(Object(Productos), 'linea_id')
#3 /Applications/XAMPP/xamppfiles/htdocs/yiis/framework/web/helpers/CHtml.php(1217): CHtml::activeInputField('text', Object(Productos), 'linea_id', Array)
#4 /Applications/XAMPP/xamppfiles/htdocs/yiis/framework/web/widgets/CActiveForm.php(658): CHtml::activeTextField(Object(Productos), 'linea_id', Array)
#5 /Applications/XAMPP/xamppfiles/htdocs/airos/protected/views/productos/_search.php(26): CActiveForm->textField(Object(Productos), 'linea_id')
#6 /Applications/XAMPP/xamppfiles/htdocs/yiis/framework/web/CBaseController.php(127): require('/Applications/X...')
#7 /Applications/XAMPP/xamppfiles/htdocs/yiis/framework/web/CBaseController.php(96): CBaseController->renderInternal('/Applications/X...', Array, true)
#8 /Applications/XAMPP/xamppfiles/htdocs/yiis/framework/web/CController.php(870): CBaseController->renderFile('/Applications/X...', Array, true)
#9 /Applications/XAMPP/xamppfiles/htdocs/airos/protected/views/productos/admin.php(28): CController->renderPartial('_search', Array)
#10 /Applications/XAMPP/xamppfiles/htdocs/yiis/framework/web/CBaseController.php(127): require('/Applications/X...')
#11 /Applications/XAMPP/xamppfiles/htdocs/yiis/framework/web/CBaseController.php(96): CBaseController->renderInternal('/Applications/X...', Array, true)
#12 /Applications/XAMPP/xamppfiles/htdocs/yiis/framework/web/CController.php(870): CBaseController->renderFile('/Applications/X...', Array, true)
#13 /Applications/XAMPP/xamppfiles/htdocs/yiis/framework/web/CController.php(783): CController->renderPartial('admin', Array, true)
#14 /Applications/XAMPP/xamppfiles/htdocs/airos/protected/controllers/ProductosController.php(246): CController->render('admin', Array)
#15 /Applications/XAMPP/xamppfiles/htdocs/yiis/framework/web/actions/CInlineAction.php(50): ProductosController->actionAdmin()
#16 /Applications/XAMPP/xamppfiles/htdocs/yiis/framework/web/CController.php(309): CInlineAction->runWithParams(Array)
#17 /Applications/XAMPP/xamppfiles/htdocs/yiis/framework/web/filters/CFilterChain.php(134): CController->runAction(Object(CInlineAction))
#18 /Applications/XAMPP/xamppfiles/htdocs/yiis/framework/web/filters/CFilter.php(41): CFilterChain->run()
#19 /Applications/XAMPP/xamppfiles/htdocs/yiis/framework/web/CController.php(1146): CFilter->filter(Object(CFilterChain))
#20 /Applications/XAMPP/xamppfiles/htdocs/yiis/framework/web/filters/CInlineFilter.php(59): CController->filterAccessControl(Object(CFilterChain))
#21 /Applications/XAMPP/xamppfiles/htdocs/yiis/framework/web/filters/CFilterChain.php(131): CInlineFilter->filter(Object(CFilterChain))
#22 /Applications/XAMPP/xamppfiles/htdocs/yiis/framework/web/CController.php(292): CFilterChain->run()
#23 /Applications/XAMPP/xamppfiles/htdocs/yiis/framework/web/CController.php(266): CController->runActionWithFilters(Object(CInlineAction), Array)
#24 /Applications/XAMPP/xamppfiles/htdocs/yiis/framework/web/CWebApplication.php(283): CController->run('admin')
#25 /Applications/XAMPP/xamppfiles/htdocs/yiis/framework/web/CWebApplication.php(142): CWebApplication->runController('productos/admin')
#26 /Applications/XAMPP/xamppfiles/htdocs/yiis/framework/base/CApplication.php(162): CWebApplication->processRequest()
#27 /Applications/XAMPP/xamppfiles/htdocs/airos/index.php(13): CApplication->run()
#28 {main}
REQUEST_URI=/airos/index.php/productos/admin
---
